TN:
SF:src/config/database.ts
FNF:0
FNH:0
DA:2,3
DA:4,3
DA:6,3
DA:18,3
LF:4
LH:4
BRDA:8,0,0,3
BRDA:8,0,1,3
BRDA:9,1,0,3
BRDA:9,1,1,3
BRDA:10,2,0,3
BRDA:10,2,1,3
BRDA:11,3,0,3
BRDA:11,3,1,3
BRDA:12,4,0,3
BRDA:12,4,1,0
BRF:10
BRH:9
end_of_record
TN:
SF:src/controllers/authController.ts
FN:8,(anonymous_1)
FN:61,(anonymous_2)
FNF:2
FNH:2
FNDA:2,(anonymous_1)
FNDA:2,(anonymous_2)
DA:2,1
DA:3,1
DA:4,1
DA:5,1
DA:7,1
DA:13,2
DA:14,2
DA:15,2
DA:18,2
DA:19,2
DA:20,1
DA:24,1
DA:32,1
DA:35,1
DA:43,1
DA:57,0
DA:66,2
DA:67,2
DA:68,2
DA:71,2
DA:72,2
DA:73,1
DA:77,1
DA:85,1
DA:99,0
LF:25
LH:23
BRDA:19,0,0,1
BRDA:37,1,0,1
BRDA:37,1,1,1
BRDA:39,2,0,1
BRDA:39,2,1,1
BRDA:72,3,0,1
BRDA:72,4,0,2
BRDA:72,4,1,1
BRDA:79,5,0,1
BRDA:79,5,1,1
BRDA:81,6,0,1
BRDA:81,6,1,1
BRF:12
BRH:12
end_of_record
TN:
SF:src/middleware/auth.ts
FN:17,(anonymous_1)
FN:18,(anonymous_2)
FNF:2
FNH:2
FNDA:4,(anonymous_1)
FNDA:4,(anonymous_2)
DA:2,1
DA:4,1
DA:17,1
DA:18,4
DA:19,4
DA:21,4
DA:22,4
DA:23,1
DA:26,3
DA:28,3
DA:30,3
DA:39,2
DA:45,2
DA:46,1
DA:49,1
DA:51,1
DA:54,0
LF:17
LH:16
BRDA:22,0,0,1
BRDA:22,1,0,4
BRDA:22,1,1,3
BRDA:32,2,0,3
BRDA:32,2,1,3
BRDA:45,3,0,1
BRDA:45,4,0,2
BRDA:45,4,1,1
BRF:8
BRH:8
end_of_record
TN:
SF:src/models/User.ts
FN:4,(anonymous_8)
FN:38,(anonymous_9)
FN:45,(anonymous_10)
FNF:3
FNH:3
FNDA:3,(anonymous_8)
FNDA:7,(anonymous_9)
FNDA:1,(anonymous_10)
DA:1,3
DA:2,3
DA:4,3
DA:5,3
DA:6,3
DA:7,3
DA:8,3
DA:9,3
DA:10,3
DA:14,3
DA:16,3
DA:19,3
DA:22,3
DA:25,3
DA:28,3
DA:35,3
DA:38,3
DA:39,7
DA:40,7
DA:41,7
DA:46,1
LF:21
LH:21
BRDA:4,0,0,3
BRDA:4,0,1,3
BRDA:39,1,0,7
BRF:3
BRH:3
end_of_record
TN:
SF:src/utils/appError.ts
FN:2,(anonymous_0)
FNF:1
FNH:1
FNDA:5,(anonymous_0)
DA:1,2
DA:3,5
DA:4,5
DA:5,5
DA:7,5
DA:8,5
DA:9,5
LF:7
LH:7
BRDA:5,0,0,5
BRF:1
BRH:1
end_of_record
